2019-10-29 16:23:01.001100
Configuring log file
Logs are there: /home/wuxuejun0820/youtubeDB/logs/instance-1.youtube.2019-10-29.16_23_01.pytomo.log
Database results are there: /home/wuxuejun0820/youtubeDB/databases/instance-1.youtube.2019-10-29.16_23_01.pytomo_database.db
Are you ok to start crawling? (Y/N)
Y
Y
Please indicate your provider/ISP (leave blank for skipping).
Crawl will START when you PRESS ENTER (or after 10 seconds).
Please enter the proxies you use to connect to the internet, in the format:
http://proxy:8080/
(press Enter for default: None): 
(or wait 20 seconds)
Please enter the max. number of videos (press Enter for default 10000): 
(or wait 10 seconds)

Logging the local public IP address.

Type Ctrl-C to interrupt crawl
Compressing the files: wait a bit

Crawl finished.
################################################################################

PLEASE SEND THIS FILE BY EMAIL: (to pytomo@gmail.com)
/home/wuxuejun0820/youtubeDB/logs/instance-1.youtube.2019-10-29.16_23_01.to_send.tbz

Press Enter to exit

2019-10-29 16:28:01.101367
Configuring log file
Logs are there: /home/wuxuejun0820/youtubeDB/logs/instance-1.youtube.2019-10-29.16_28_01.pytomo.log
Database results are there: /home/wuxuejun0820/youtubeDB/databases/instance-1.youtube.2019-10-29.16_28_01.pytomo_database.db
Are you ok to start crawling? (Y/N)
Y
Y
Please indicate your provider/ISP (leave blank for skipping).
Crawl will START when you PRESS ENTER (or after 10 seconds).
Please enter the proxies you use to connect to the internet, in the format:
http://proxy:8080/
(press Enter for default: None): 
(or wait 20 seconds)
Please enter the max. number of videos (press Enter for default 10000): 
(or wait 10 seconds)

Logging the local public IP address.

Type Ctrl-C to interrupt crawl
Compressing the files: wait a bit

Crawl finished.
################################################################################

PLEASE SEND THIS FILE BY EMAIL: (to pytomo@gmail.com)
/home/wuxuejun0820/youtubeDB/logs/instance-1.youtube.2019-10-29.16_28_01.to_send.tbz

Press Enter to exit

2019-10-29 16:33:01.150177
Configuring log file
Logs are there: /home/wuxuejun0820/youtubeDB/logs/instance-1.youtube.2019-10-29.16_33_01.pytomo.log
Database results are there: /home/wuxuejun0820/youtubeDB/databases/instance-1.youtube.2019-10-29.16_33_01.pytomo_database.db
Are you ok to start crawling? (Y/N)
Y
Y
Please indicate your provider/ISP (leave blank for skipping).
Crawl will START when you PRESS ENTER (or after 10 seconds).
Please enter the proxies you use to connect to the internet, in the format:
http://proxy:8080/
(press Enter for default: None): 
(or wait 20 seconds)
Please enter the max. number of videos (press Enter for default 10000): 
(or wait 10 seconds)

Logging the local public IP address.

Type Ctrl-C to interrupt crawl
Compressing the files: wait a bit

Crawl finished.
################################################################################

PLEASE SEND THIS FILE BY EMAIL: (to pytomo@gmail.com)
/home/wuxuejun0820/youtubeDB/logs/instance-1.youtube.2019-10-29.16_33_01.to_send.tbz

Press Enter to exit
2019-10-29 16:38:01.250435
Configuring log file
Logs are there: /home/wuxuejun0820/youtubeDB/logs/instance-1.youtube.2019-10-29.16_38_01.pytomo.log
Database results are there: /home/wuxuejun0820/youtubeDB/databases/instance-1.youtube.2019-10-29.16_38_01.pytomo_database.db
Are you ok to start crawling? (Y/N)
Y
Y
Please indicate your provider/ISP (leave blank for skipping).
Crawl will START when you PRESS ENTER (or after 10 seconds).
Please enter the proxies you use to connect to the internet, in the format:
http://proxy:8080/
(press Enter for default: None): 
(or wait 20 seconds)
Please enter the max. number of videos (press Enter for default 10000): 
(or wait 10 seconds)

Logging the local public IP address.

Type Ctrl-C to interrupt crawl
Compressing the files: wait a bit

Crawl finished.
################################################################################

PLEASE SEND THIS FILE BY EMAIL: (to pytomo@gmail.com)
/home/wuxuejun0820/youtubeDB/logs/instance-1.youtube.2019-10-29.16_38_01.to_send.tbz

Press Enter to exit

2019-10-29 16:43:01.256575
Configuring log file
Logs are there: /home/wuxuejun0820/youtubeDB/logs/instance-1.youtube.2019-10-29.16_43_01.pytomo.log
Database results are there: /home/wuxuejun0820/youtubeDB/databases/instance-1.youtube.2019-10-29.16_43_01.pytomo_database.db
Are you ok to start crawling? (Y/N)
Y
Y
Please indicate your provider/ISP (leave blank for skipping).
Crawl will START when you PRESS ENTER (or after 10 seconds).
Please enter the proxies you use to connect to the internet, in the format:
http://proxy:8080/
(press Enter for default: None): 
(or wait 20 seconds)
Please enter the max. number of videos (press Enter for default 10000): 
(or wait 10 seconds)

Logging the local public IP address.

Type Ctrl-C to interrupt crawl
Compressing the files: wait a bit

Crawl finished.
################################################################################

PLEASE SEND THIS FILE BY EMAIL: (to pytomo@gmail.com)
/home/wuxuejun0820/youtubeDB/logs/instance-1.youtube.2019-10-29.16_43_01.to_send.tbz

Press Enter to exit

2019-10-29 16:48:01.257487
Configuring log file
Logs are there: /home/wuxuejun0820/youtubeDB/logs/instance-1.youtube.2019-10-29.16_48_01.pytomo.log
Database results are there: /home/wuxuejun0820/youtubeDB/databases/instance-1.youtube.2019-10-29.16_48_01.pytomo_database.db
Are you ok to start crawling? (Y/N)
Y
Y
Please indicate your provider/ISP (leave blank for skipping).
Crawl will START when you PRESS ENTER (or after 10 seconds).
Please enter the proxies you use to connect to the internet, in the format:
http://proxy:8080/
(press Enter for default: None): 
(or wait 20 seconds)
Please enter the max. number of videos (press Enter for default 10000): 
(or wait 10 seconds)

Logging the local public IP address.

Type Ctrl-C to interrupt crawl
Compressing the files: wait a bit

Crawl finished.
################################################################################

PLEASE SEND THIS FILE BY EMAIL: (to pytomo@gmail.com)
/home/wuxuejun0820/youtubeDB/logs/instance-1.youtube.2019-10-29.16_48_01.to_send.tbz

Press Enter to exit

2019-10-29 16:53:01.258423
Configuring log file
Logs are there: /home/wuxuejun0820/youtubeDB/logs/instance-1.youtube.2019-10-29.16_53_01.pytomo.log
Database results are there: /home/wuxuejun0820/youtubeDB/databases/instance-1.youtube.2019-10-29.16_53_01.pytomo_database.db
Are you ok to start crawling? (Y/N)
Y
Y
Please indicate your provider/ISP (leave blank for skipping).
Crawl will START when you PRESS ENTER (or after 10 seconds).
Please enter the proxies you use to connect to the internet, in the format:
http://proxy:8080/
(press Enter for default: None): 
(or wait 20 seconds)
Please enter the max. number of videos (press Enter for default 10000): 
(or wait 10 seconds)

Logging the local public IP address.

Type Ctrl-C to interrupt crawl
Compressing the files: wait a bit

Crawl finished.
################################################################################

PLEASE SEND THIS FILE BY EMAIL: (to pytomo@gmail.com)
/home/wuxuejun0820/youtubeDB/logs/instance-1.youtube.2019-10-29.16_53_01.to_send.tbz

Press Enter to exit

2019-10-29 16:58:01.259331
Configuring log file
Logs are there: /home/wuxuejun0820/youtubeDB/logs/instance-1.youtube.2019-10-29.16_58_01.pytomo.log
Database results are there: /home/wuxuejun0820/youtubeDB/databases/instance-1.youtube.2019-10-29.16_58_01.pytomo_database.db
Are you ok to start crawling? (Y/N)
Y
Y
Please indicate your provider/ISP (leave blank for skipping).
Crawl will START when you PRESS ENTER (or after 10 seconds).
Please enter the proxies you use to connect to the internet, in the format:
http://proxy:8080/
(press Enter for default: None): 
(or wait 20 seconds)
Please enter the max. number of videos (press Enter for default 10000): 
(or wait 10 seconds)

Logging the local public IP address.

Type Ctrl-C to interrupt crawl
Compressing the files: wait a bit

Crawl finished.
################################################################################

PLEASE SEND THIS FILE BY EMAIL: (to pytomo@gmail.com)
/home/wuxuejun0820/youtubeDB/logs/instance-1.youtube.2019-10-29.16_58_01.to_send.tbz

Press Enter to exit

2019-10-29 17:03:01.260264
Configuring log file
Logs are there: /home/wuxuejun0820/youtubeDB/logs/instance-1.youtube.2019-10-29.17_03_01.pytomo.log
Database results are there: /home/wuxuejun0820/youtubeDB/databases/instance-1.youtube.2019-10-29.17_03_01.pytomo_database.db
Are you ok to start crawling? (Y/N)
Y
Y
Please indicate your provider/ISP (leave blank for skipping).
Crawl will START when you PRESS ENTER (or after 10 seconds).
Please enter the proxies you use to connect to the internet, in the format:
http://proxy:8080/
(press Enter for default: None): 
(or wait 20 seconds)
Please enter the max. number of videos (press Enter for default 10000): 
(or wait 10 seconds)

Logging the local public IP address.

Type Ctrl-C to interrupt crawl
Compressing the files: wait a bit

Crawl finished.
################################################################################

PLEASE SEND THIS FILE BY EMAIL: (to pytomo@gmail.com)
/home/wuxuejun0820/youtubeDB/logs/instance-1.youtube.2019-10-29.17_03_01.to_send.tbz

Press Enter to exit

2019-10-29 17:08:01.261220
Configuring log file
Logs are there: /home/wuxuejun0820/youtubeDB/logs/instance-1.youtube.2019-10-29.17_08_01.pytomo.log
Database results are there: /home/wuxuejun0820/youtubeDB/databases/instance-1.youtube.2019-10-29.17_08_01.pytomo_database.db
Are you ok to start crawling? (Y/N)
Y
Y
Please indicate your provider/ISP (leave blank for skipping).
Crawl will START when you PRESS ENTER (or after 10 seconds).
Please enter the proxies you use to connect to the internet, in the format:
http://proxy:8080/
(press Enter for default: None): 
(or wait 20 seconds)
Please enter the max. number of videos (press Enter for default 10000): 
(or wait 10 seconds)

Logging the local public IP address.

Type Ctrl-C to interrupt crawl
Compressing the files: wait a bit

Crawl finished.
################################################################################

PLEASE SEND THIS FILE BY EMAIL: (to pytomo@gmail.com)
/home/wuxuejun0820/youtubeDB/logs/instance-1.youtube.2019-10-29.17_08_01.to_send.tbz

Press Enter to exit
2019-10-29 17:13:01.262232
Configuring log file
Logs are there: /home/wuxuejun0820/youtubeDB/logs/instance-1.youtube.2019-10-29.17_13_01.pytomo.log
Database results are there: /home/wuxuejun0820/youtubeDB/databases/instance-1.youtube.2019-10-29.17_13_01.pytomo_database.db
Are you ok to start crawling? (Y/N)
Y
Y
Please indicate your provider/ISP (leave blank for skipping).
Crawl will START when you PRESS ENTER (or after 10 seconds).
Please enter the proxies you use to connect to the internet, in the format:
http://proxy:8080/
(press Enter for default: None): 
(or wait 20 seconds)
Please enter the max. number of videos (press Enter for default 10000): 
(or wait 10 seconds)

Logging the local public IP address.

Type Ctrl-C to interrupt crawl
Compressing the files: wait a bit

Crawl finished.
################################################################################

PLEASE SEND THIS FILE BY EMAIL: (to pytomo@gmail.com)
/home/wuxuejun0820/youtubeDB/logs/instance-1.youtube.2019-10-29.17_13_01.to_send.tbz

Press Enter to exit

2019-10-29 17:18:01.268087
Configuring log file
Logs are there: /home/wuxuejun0820/youtubeDB/logs/instance-1.youtube.2019-10-29.17_18_01.pytomo.log
Database results are there: /home/wuxuejun0820/youtubeDB/databases/instance-1.youtube.2019-10-29.17_18_01.pytomo_database.db
Are you ok to start crawling? (Y/N)
Y
Y
Please indicate your provider/ISP (leave blank for skipping).
Crawl will START when you PRESS ENTER (or after 10 seconds).
Please enter the proxies you use to connect to the internet, in the format:
http://proxy:8080/
(press Enter for default: None): 
(or wait 20 seconds)
Please enter the max. number of videos (press Enter for default 10000): 
(or wait 10 seconds)

Logging the local public IP address.

Type Ctrl-C to interrupt crawl
Compressing the files: wait a bit

Crawl finished.
################################################################################

PLEASE SEND THIS FILE BY EMAIL: (to pytomo@gmail.com)
/home/wuxuejun0820/youtubeDB/logs/instance-1.youtube.2019-10-29.17_18_01.to_send.tbz

Press Enter to exit

2019-10-29 17:23:01.269001
Configuring log file
Logs are there: /home/wuxuejun0820/youtubeDB/logs/instance-1.youtube.2019-10-29.17_23_01.pytomo.log
Database results are there: /home/wuxuejun0820/youtubeDB/databases/instance-1.youtube.2019-10-29.17_23_01.pytomo_database.db
Are you ok to start crawling? (Y/N)
Y
Y
Please indicate your provider/ISP (leave blank for skipping).
Crawl will START when you PRESS ENTER (or after 10 seconds).
Please enter the proxies you use to connect to the internet, in the format:
http://proxy:8080/
(press Enter for default: None): 
(or wait 20 seconds)
Please enter the max. number of videos (press Enter for default 10000): 
(or wait 10 seconds)

Logging the local public IP address.

Type Ctrl-C to interrupt crawl
Compressing the files: wait a bit

Crawl finished.
################################################################################

PLEASE SEND THIS FILE BY EMAIL: (to pytomo@gmail.com)
/home/wuxuejun0820/youtubeDB/logs/instance-1.youtube.2019-10-29.17_23_01.to_send.tbz

Press Enter to exit

2019-10-29 18:20:00.420876
Configuring log file
Logs are there: /home/wuxuejun0820/youtubeDB/logs/instance-1.youtube.2019-10-29.18_20_00.pytomo.log
Database results are there: /home/wuxuejun0820/youtubeDB/databases/instance-1.youtube.2019-10-29.18_20_00.pytomo_database.db
Are you ok to start crawling? (Y/N)
Y
Y
Please indicate your provider/ISP (leave blank for skipping).
Crawl will START when you PRESS ENTER (or after 10 seconds).
Please enter the proxies you use to connect to the internet, in the format:
http://proxy:8080/
(press Enter for default: None): 
(or wait 20 seconds)
Please enter the max. number of videos (press Enter for default 10000): 
(or wait 10 seconds)

Logging the local public IP address.

Type Ctrl-C to interrupt crawl
Compressing the files: wait a bit

Crawl finished.
################################################################################

PLEASE SEND THIS FILE BY EMAIL: (to pytomo@gmail.com)
/home/wuxuejun0820/youtubeDB/logs/instance-1.youtube.2019-10-29.18_20_00.to_send.tbz

Press Enter to exit

2019-10-29 19:20:00.510535
Configuring log file
Logs are there: /home/wuxuejun0820/youtubeDB/logs/instance-1.youtube.2019-10-29.19_20_00.pytomo.log
Database results are there: /home/wuxuejun0820/youtubeDB/databases/instance-1.youtube.2019-10-29.19_20_00.pytomo_database.db
Are you ok to start crawling? (Y/N)
Y
Y
Please indicate your provider/ISP (leave blank for skipping).
Crawl will START when you PRESS ENTER (or after 10 seconds).
Please enter the proxies you use to connect to the internet, in the format:
http://proxy:8080/
(press Enter for default: None): 
(or wait 20 seconds)
Please enter the max. number of videos (press Enter for default 10000): 
(or wait 10 seconds)

Logging the local public IP address.

Type Ctrl-C to interrupt crawl
Compressing the files: wait a bit

Crawl finished.
################################################################################

PLEASE SEND THIS FILE BY EMAIL: (to pytomo@gmail.com)
/home/wuxuejun0820/youtubeDB/logs/instance-1.youtube.2019-10-29.19_20_00.to_send.tbz

Press Enter to exit

2019-10-29 20:20:00.611181
Configuring log file
Logs are there: /home/wuxuejun0820/youtubeDB/logs/instance-1.youtube.2019-10-29.20_20_00.pytomo.log
Database results are there: /home/wuxuejun0820/youtubeDB/databases/instance-1.youtube.2019-10-29.20_20_00.pytomo_database.db
Are you ok to start crawling? (Y/N)
Y
Y
Please indicate your provider/ISP (leave blank for skipping).
Crawl will START when you PRESS ENTER (or after 10 seconds).
Please enter the proxies you use to connect to the internet, in the format:
http://proxy:8080/
(press Enter for default: None): 
(or wait 20 seconds)
Please enter the max. number of videos (press Enter for default 10000): 
(or wait 10 seconds)

Logging the local public IP address.

Type Ctrl-C to interrupt crawl
Compressing the files: wait a bit

Crawl finished.
################################################################################

PLEASE SEND THIS FILE BY EMAIL: (to pytomo@gmail.com)
/home/wuxuejun0820/youtubeDB/logs/instance-1.youtube.2019-10-29.20_20_00.to_send.tbz

Press Enter to exit

2019-10-29 21:20:00.638534
Configuring log file
Logs are there: /home/wuxuejun0820/youtubeDB/logs/instance-1.youtube.2019-10-29.21_20_00.pytomo.log
Database results are there: /home/wuxuejun0820/youtubeDB/databases/instance-1.youtube.2019-10-29.21_20_00.pytomo_database.db
Are you ok to start crawling? (Y/N)
Y
Y
Please indicate your provider/ISP (leave blank for skipping).
Crawl will START when you PRESS ENTER (or after 10 seconds).
Please enter the proxies you use to connect to the internet, in the format:
http://proxy:8080/
(press Enter for default: None): 
(or wait 20 seconds)
Please enter the max. number of videos (press Enter for default 10000): 
(or wait 10 seconds)

Logging the local public IP address.

Type Ctrl-C to interrupt crawl
Compressing the files: wait a bit

Crawl finished.
################################################################################

PLEASE SEND THIS FILE BY EMAIL: (to pytomo@gmail.com)
/home/wuxuejun0820/youtubeDB/logs/instance-1.youtube.2019-10-29.21_20_00.to_send.tbz

Press Enter to exit

2019-10-29 22:20:00.739320
Configuring log file
Logs are there: /home/wuxuejun0820/youtubeDB/logs/instance-1.youtube.2019-10-29.22_20_00.pytomo.log
Database results are there: /home/wuxuejun0820/youtubeDB/databases/instance-1.youtube.2019-10-29.22_20_00.pytomo_database.db
Are you ok to start crawling? (Y/N)
Y
Y
Please indicate your provider/ISP (leave blank for skipping).
Crawl will START when you PRESS ENTER (or after 10 seconds).
Please enter the proxies you use to connect to the internet, in the format:
http://proxy:8080/
(press Enter for default: None): 
(or wait 20 seconds)
Please enter the max. number of videos (press Enter for default 10000): 
(or wait 10 seconds)

Logging the local public IP address.

Type Ctrl-C to interrupt crawl
Compressing the files: wait a bit

Crawl finished.
################################################################################

PLEASE SEND THIS FILE BY EMAIL: (to pytomo@gmail.com)
/home/wuxuejun0820/youtubeDB/logs/instance-1.youtube.2019-10-29.22_20_00.to_send.tbz

Press Enter to exit

2019-10-29 23:20:00.840019
Configuring log file
Logs are there: /home/wuxuejun0820/youtubeDB/logs/instance-1.youtube.2019-10-29.23_20_00.pytomo.log
Database results are there: /home/wuxuejun0820/youtubeDB/databases/instance-1.youtube.2019-10-29.23_20_00.pytomo_database.db
Are you ok to start crawling? (Y/N)
Y
Y
Please indicate your provider/ISP (leave blank for skipping).
Crawl will START when you PRESS ENTER (or after 10 seconds).
Please enter the proxies you use to connect to the internet, in the format:
http://proxy:8080/
(press Enter for default: None): 
(or wait 20 seconds)
Please enter the max. number of videos (press Enter for default 10000): 
(or wait 10 seconds)

Logging the local public IP address.

Type Ctrl-C to interrupt crawl
Compressing the files: wait a bit

Crawl finished.
################################################################################

PLEASE SEND THIS FILE BY EMAIL: (to pytomo@gmail.com)
/home/wuxuejun0820/youtubeDB/logs/instance-1.youtube.2019-10-29.23_20_00.to_send.tbz

Press Enter to exit

2019-10-30 00:20:00.869822
Configuring log file
Logs are there: /home/wuxuejun0820/youtubeDB/logs/instance-1.youtube.2019-10-30.00_20_00.pytomo.log
Database results are there: /home/wuxuejun0820/youtubeDB/databases/instance-1.youtube.2019-10-30.00_20_00.pytomo_database.db
Are you ok to start crawling? (Y/N)
Y
Y
Please indicate your provider/ISP (leave blank for skipping).
Crawl will START when you PRESS ENTER (or after 10 seconds).
Please enter the proxies you use to connect to the internet, in the format:
http://proxy:8080/
(press Enter for default: None): 
(or wait 20 seconds)
Please enter the max. number of videos (press Enter for default 10000): 
(or wait 10 seconds)

Logging the local public IP address.

Type Ctrl-C to interrupt crawl
Compressing the files: wait a bit

Crawl finished.
################################################################################

PLEASE SEND THIS FILE BY EMAIL: (to pytomo@gmail.com)
/home/wuxuejun0820/youtubeDB/logs/instance-1.youtube.2019-10-30.00_20_00.to_send.tbz

Press Enter to exit

2019-10-30 01:20:00.970463
Configuring log file
Logs are there: /home/wuxuejun0820/youtubeDB/logs/instance-1.youtube.2019-10-30.01_20_01.pytomo.log
Database results are there: /home/wuxuejun0820/youtubeDB/databases/instance-1.youtube.2019-10-30.01_20_01.pytomo_database.db
Are you ok to start crawling? (Y/N)
Y
Y
Please indicate your provider/ISP (leave blank for skipping).
Crawl will START when you PRESS ENTER (or after 10 seconds).
Please enter the proxies you use to connect to the internet, in the format:
http://proxy:8080/
(press Enter for default: None): 
(or wait 20 seconds)
Please enter the max. number of videos (press Enter for default 10000): 
(or wait 10 seconds)

Logging the local public IP address.

Type Ctrl-C to interrupt crawl
Compressing the files: wait a bit

Crawl finished.
################################################################################

PLEASE SEND THIS FILE BY EMAIL: (to pytomo@gmail.com)
/home/wuxuejun0820/youtubeDB/logs/instance-1.youtube.2019-10-30.01_20_01.to_send.tbz

Press Enter to exit

2019-10-30 02:20:01.071227
Configuring log file
Logs are there: /home/wuxuejun0820/youtubeDB/logs/instance-1.youtube.2019-10-30.02_20_01.pytomo.log
Database results are there: /home/wuxuejun0820/youtubeDB/databases/instance-1.youtube.2019-10-30.02_20_01.pytomo_database.db
Are you ok to start crawling? (Y/N)
Y
Y
Please indicate your provider/ISP (leave blank for skipping).
Crawl will START when you PRESS ENTER (or after 10 seconds).
Please enter the proxies you use to connect to the internet, in the format:
http://proxy:8080/
(press Enter for default: None): 
(or wait 20 seconds)
Please enter the max. number of videos (press Enter for default 10000): 
(or wait 10 seconds)

Logging the local public IP address.

Type Ctrl-C to interrupt crawl
Compressing the files: wait a bit

Crawl finished.
################################################################################

PLEASE SEND THIS FILE BY EMAIL: (to pytomo@gmail.com)
/home/wuxuejun0820/youtubeDB/logs/instance-1.youtube.2019-10-30.02_20_01.to_send.tbz

Press Enter to exit

2019-10-30 03:20:01.150477
Configuring log file
Logs are there: /home/wuxuejun0820/youtubeDB/logs/instance-1.youtube.2019-10-30.03_20_01.pytomo.log
Database results are there: /home/wuxuejun0820/youtubeDB/databases/instance-1.youtube.2019-10-30.03_20_01.pytomo_database.db
Are you ok to start crawling? (Y/N)
Y
Y
Please indicate your provider/ISP (leave blank for skipping).
Crawl will START when you PRESS ENTER (or after 10 seconds).
Please enter the proxies you use to connect to the internet, in the format:
http://proxy:8080/
(press Enter for default: None): 
(or wait 20 seconds)
Please enter the max. number of videos (press Enter for default 10000): 
(or wait 10 seconds)

Logging the local public IP address.

Type Ctrl-C to interrupt crawl
Compressing the files: wait a bit

Crawl finished.
################################################################################

PLEASE SEND THIS FILE BY EMAIL: (to pytomo@gmail.com)
/home/wuxuejun0820/youtubeDB/logs/instance-1.youtube.2019-10-30.03_20_01.to_send.tbz

Press Enter to exit

2019-10-30 04:20:01.251169
Configuring log file
Logs are there: /home/wuxuejun0820/youtubeDB/logs/instance-1.youtube.2019-10-30.04_20_01.pytomo.log
Database results are there: /home/wuxuejun0820/youtubeDB/databases/instance-1.youtube.2019-10-30.04_20_01.pytomo_database.db
Are you ok to start crawling? (Y/N)
Y
Y
Please indicate your provider/ISP (leave blank for skipping).
Crawl will START when you PRESS ENTER (or after 10 seconds).
Please enter the proxies you use to connect to the internet, in the format:
http://proxy:8080/
(press Enter for default: None): 
(or wait 20 seconds)
Please enter the max. number of videos (press Enter for default 10000): 
(or wait 10 seconds)

Logging the local public IP address.

Type Ctrl-C to interrupt crawl
Compressing the files: wait a bit

Crawl finished.
################################################################################

PLEASE SEND THIS FILE BY EMAIL: (to pytomo@gmail.com)
/home/wuxuejun0820/youtubeDB/logs/instance-1.youtube.2019-10-30.04_20_01.to_send.tbz

Press Enter to exit

2019-10-30 05:20:01.352044
Configuring log file
Logs are there: /home/wuxuejun0820/youtubeDB/logs/instance-1.youtube.2019-10-30.05_20_01.pytomo.log
Database results are there: /home/wuxuejun0820/youtubeDB/databases/instance-1.youtube.2019-10-30.05_20_01.pytomo_database.db
Are you ok to start crawling? (Y/N)
Y
Y
Please indicate your provider/ISP (leave blank for skipping).
Crawl will START when you PRESS ENTER (or after 10 seconds).
Please enter the proxies you use to connect to the internet, in the format:
http://proxy:8080/
(press Enter for default: None): 
(or wait 20 seconds)
Please enter the max. number of videos (press Enter for default 10000): 
(or wait 10 seconds)

Logging the local public IP address.

Type Ctrl-C to interrupt crawl
Compressing the files: wait a bit

Crawl finished.
################################################################################

PLEASE SEND THIS FILE BY EMAIL: (to pytomo@gmail.com)
/home/wuxuejun0820/youtubeDB/logs/instance-1.youtube.2019-10-30.05_20_01.to_send.tbz

Press Enter to exit

2019-10-30 06:20:01.452593
Configuring log file
Logs are there: /home/wuxuejun0820/youtubeDB/logs/instance-1.youtube.2019-10-30.06_20_01.pytomo.log
Database results are there: /home/wuxuejun0820/youtubeDB/databases/instance-1.youtube.2019-10-30.06_20_01.pytomo_database.db
Are you ok to start crawling? (Y/N)
Y
Y
Please indicate your provider/ISP (leave blank for skipping).
Crawl will START when you PRESS ENTER (or after 10 seconds).
Please enter the proxies you use to connect to the internet, in the format:
http://proxy:8080/
(press Enter for default: None): 
(or wait 20 seconds)
Please enter the max. number of videos (press Enter for default 10000): 
(or wait 10 seconds)

Logging the local public IP address.

Type Ctrl-C to interrupt crawl
Compressing the files: wait a bit

Crawl finished.
################################################################################

PLEASE SEND THIS FILE BY EMAIL: (to pytomo@gmail.com)
/home/wuxuejun0820/youtubeDB/logs/instance-1.youtube.2019-10-30.06_20_01.to_send.tbz

Press Enter to exit

2019-10-30 07:20:01.502754
Configuring log file
Logs are there: /home/wuxuejun0820/youtubeDB/logs/instance-1.youtube.2019-10-30.07_20_01.pytomo.log
Database results are there: /home/wuxuejun0820/youtubeDB/databases/instance-1.youtube.2019-10-30.07_20_01.pytomo_database.db
Are you ok to start crawling? (Y/N)
Y
Y
Please indicate your provider/ISP (leave blank for skipping).
Crawl will START when you PRESS ENTER (or after 10 seconds).
Please enter the proxies you use to connect to the internet, in the format:
http://proxy:8080/
(press Enter for default: None): 
(or wait 20 seconds)
Please enter the max. number of videos (press Enter for default 10000): 
(or wait 10 seconds)

Logging the local public IP address.

Type Ctrl-C to interrupt crawl
Compressing the files: wait a bit

Crawl finished.
################################################################################

PLEASE SEND THIS FILE BY EMAIL: (to pytomo@gmail.com)
/home/wuxuejun0820/youtubeDB/logs/instance-1.youtube.2019-10-30.07_20_01.to_send.tbz

Press Enter to exit

2019-10-30 08:20:01.603612
Configuring log file
Logs are there: /home/wuxuejun0820/youtubeDB/logs/instance-1.youtube.2019-10-30.08_20_01.pytomo.log
Database results are there: /home/wuxuejun0820/youtubeDB/databases/instance-1.youtube.2019-10-30.08_20_01.pytomo_database.db
Are you ok to start crawling? (Y/N)
Y
Y
Please indicate your provider/ISP (leave blank for skipping).
Crawl will START when you PRESS ENTER (or after 10 seconds).
Please enter the proxies you use to connect to the internet, in the format:
http://proxy:8080/
(press Enter for default: None): 
(or wait 20 seconds)
Please enter the max. number of videos (press Enter for default 10000): 
(or wait 10 seconds)

Logging the local public IP address.

Type Ctrl-C to interrupt crawl
Compressing the files: wait a bit

Crawl finished.
################################################################################

PLEASE SEND THIS FILE BY EMAIL: (to pytomo@gmail.com)
/home/wuxuejun0820/youtubeDB/logs/instance-1.youtube.2019-10-30.08_20_01.to_send.tbz

Press Enter to exit

2019-10-30 09:20:01.662430
Configuring log file
Logs are there: /home/wuxuejun0820/youtubeDB/logs/instance-1.youtube.2019-10-30.09_20_01.pytomo.log
Database results are there: /home/wuxuejun0820/youtubeDB/databases/instance-1.youtube.2019-10-30.09_20_01.pytomo_database.db
Are you ok to start crawling? (Y/N)
Y
Y
Please indicate your provider/ISP (leave blank for skipping).
Crawl will START when you PRESS ENTER (or after 10 seconds).
Please enter the proxies you use to connect to the internet, in the format:
http://proxy:8080/
(press Enter for default: None): 
(or wait 20 seconds)
Please enter the max. number of videos (press Enter for default 10000): 
(or wait 10 seconds)

Logging the local public IP address.

Type Ctrl-C to interrupt crawl
Compressing the files: wait a bit

Crawl finished.
################################################################################

PLEASE SEND THIS FILE BY EMAIL: (to pytomo@gmail.com)
/home/wuxuejun0820/youtubeDB/logs/instance-1.youtube.2019-10-30.09_20_01.to_send.tbz

Press Enter to exit

2019-10-30 10:20:01.763032
Configuring log file
Logs are there: /home/wuxuejun0820/youtubeDB/logs/instance-1.youtube.2019-10-30.10_20_01.pytomo.log
Database results are there: /home/wuxuejun0820/youtubeDB/databases/instance-1.youtube.2019-10-30.10_20_01.pytomo_database.db
Are you ok to start crawling? (Y/N)
Y
Y
Please indicate your provider/ISP (leave blank for skipping).
Crawl will START when you PRESS ENTER (or after 10 seconds).
Please enter the proxies you use to connect to the internet, in the format:
http://proxy:8080/
(press Enter for default: None): 
(or wait 20 seconds)
Please enter the max. number of videos (press Enter for default 10000): 
(or wait 10 seconds)

Logging the local public IP address.

Type Ctrl-C to interrupt crawl
Compressing the files: wait a bit

Crawl finished.
################################################################################

PLEASE SEND THIS FILE BY EMAIL: (to pytomo@gmail.com)
/home/wuxuejun0820/youtubeDB/logs/instance-1.youtube.2019-10-30.10_20_01.to_send.tbz

Press Enter to exit

2019-10-30 11:20:01.863648
Configuring log file
Logs are there: /home/wuxuejun0820/youtubeDB/logs/instance-1.youtube.2019-10-30.11_20_01.pytomo.log
Database results are there: /home/wuxuejun0820/youtubeDB/databases/instance-1.youtube.2019-10-30.11_20_01.pytomo_database.db
Are you ok to start crawling? (Y/N)
Y
Y
Please indicate your provider/ISP (leave blank for skipping).
Crawl will START when you PRESS ENTER (or after 10 seconds).
Please enter the proxies you use to connect to the internet, in the format:
http://proxy:8080/
(press Enter for default: None): 
(or wait 20 seconds)
Please enter the max. number of videos (press Enter for default 10000): 
(or wait 10 seconds)

Logging the local public IP address.

Type Ctrl-C to interrupt crawl
Compressing the files: wait a bit

Crawl finished.
################################################################################

PLEASE SEND THIS FILE BY EMAIL: (to pytomo@gmail.com)
/home/wuxuejun0820/youtubeDB/logs/instance-1.youtube.2019-10-30.11_20_01.to_send.tbz

Press Enter to exit

2019-10-30 12:20:01.869831
Configuring log file
Logs are there: /home/wuxuejun0820/youtubeDB/logs/instance-1.youtube.2019-10-30.12_20_01.pytomo.log
Database results are there: /home/wuxuejun0820/youtubeDB/databases/instance-1.youtube.2019-10-30.12_20_01.pytomo_database.db
Are you ok to start crawling? (Y/N)
Y
Y
Please indicate your provider/ISP (leave blank for skipping).
Crawl will START when you PRESS ENTER (or after 10 seconds).
Please enter the proxies you use to connect to the internet, in the format:
http://proxy:8080/
(press Enter for default: None): 
(or wait 20 seconds)
Please enter the max. number of videos (press Enter for default 10000): 
(or wait 10 seconds)

Logging the local public IP address.

Type Ctrl-C to interrupt crawl
Compressing the files: wait a bit

Crawl finished.
################################################################################

PLEASE SEND THIS FILE BY EMAIL: (to pytomo@gmail.com)
/home/wuxuejun0820/youtubeDB/logs/instance-1.youtube.2019-10-30.12_20_01.to_send.tbz

Press Enter to exit

2019-10-30 13:20:01.970449
Configuring log file
Logs are there: /home/wuxuejun0820/youtubeDB/logs/instance-1.youtube.2019-10-30.13_20_02.pytomo.log
Database results are there: /home/wuxuejun0820/youtubeDB/databases/instance-1.youtube.2019-10-30.13_20_02.pytomo_database.db
Are you ok to start crawling? (Y/N)
Y
Y
Please indicate your provider/ISP (leave blank for skipping).
Crawl will START when you PRESS ENTER (or after 10 seconds).
Please enter the proxies you use to connect to the internet, in the format:
http://proxy:8080/
(press Enter for default: None): 
(or wait 20 seconds)
Please enter the max. number of videos (press Enter for default 10000): 
(or wait 10 seconds)

Logging the local public IP address.

Type Ctrl-C to interrupt crawl
Compressing the files: wait a bit

Crawl finished.
################################################################################

PLEASE SEND THIS FILE BY EMAIL: (to pytomo@gmail.com)
/home/wuxuejun0820/youtubeDB/logs/instance-1.youtube.2019-10-30.13_20_02.to_send.tbz

Press Enter to exit

2019-10-30 14:20:02.071063
Configuring log file
Logs are there: /home/wuxuejun0820/youtubeDB/logs/instance-1.youtube.2019-10-30.14_20_02.pytomo.log
Database results are there: /home/wuxuejun0820/youtubeDB/databases/instance-1.youtube.2019-10-30.14_20_02.pytomo_database.db
Are you ok to start crawling? (Y/N)
Y
Y
Please indicate your provider/ISP (leave blank for skipping).
Crawl will START when you PRESS ENTER (or after 10 seconds).
Please enter the proxies you use to connect to the internet, in the format:
http://proxy:8080/
(press Enter for default: None): 
(or wait 20 seconds)
Please enter the max. number of videos (press Enter for default 10000): 
(or wait 10 seconds)

Logging the local public IP address.

Type Ctrl-C to interrupt crawl
Compressing the files: wait a bit

Crawl finished.
################################################################################

PLEASE SEND THIS FILE BY EMAIL: (to pytomo@gmail.com)
/home/wuxuejun0820/youtubeDB/logs/instance-1.youtube.2019-10-30.14_20_02.to_send.tbz

Press Enter to exit

2019-10-30 15:20:02.142410
Configuring log file
Logs are there: /home/wuxuejun0820/youtubeDB/logs/instance-1.youtube.2019-10-30.15_20_02.pytomo.log
Database results are there: /home/wuxuejun0820/youtubeDB/databases/instance-1.youtube.2019-10-30.15_20_02.pytomo_database.db
Are you ok to start crawling? (Y/N)
Y
Y
Please indicate your provider/ISP (leave blank for skipping).
Crawl will START when you PRESS ENTER (or after 10 seconds).
Please enter the proxies you use to connect to the internet, in the format:
http://proxy:8080/
(press Enter for default: None): 
(or wait 20 seconds)
Please enter the max. number of videos (press Enter for default 10000): 
(or wait 10 seconds)

Logging the local public IP address.

Type Ctrl-C to interrupt crawl
Compressing the files: wait a bit

Crawl finished.
################################################################################

PLEASE SEND THIS FILE BY EMAIL: (to pytomo@gmail.com)
/home/wuxuejun0820/youtubeDB/logs/instance-1.youtube.2019-10-30.15_20_02.to_send.tbz

Press Enter to exit

2019-10-30 16:20:02.242986
Configuring log file
Logs are there: /home/wuxuejun0820/youtubeDB/logs/instance-1.youtube.2019-10-30.16_20_02.pytomo.log
Database results are there: /home/wuxuejun0820/youtubeDB/databases/instance-1.youtube.2019-10-30.16_20_02.pytomo_database.db
Are you ok to start crawling? (Y/N)
Y
Y
Please indicate your provider/ISP (leave blank for skipping).
Crawl will START when you PRESS ENTER (or after 10 seconds).
Please enter the proxies you use to connect to the internet, in the format:
http://proxy:8080/
(press Enter for default: None): 
(or wait 20 seconds)
Please enter the max. number of videos (press Enter for default 10000): 
(or wait 10 seconds)

Logging the local public IP address.

Type Ctrl-C to interrupt crawl
Compressing the files: wait a bit

Crawl finished.
################################################################################

PLEASE SEND THIS FILE BY EMAIL: (to pytomo@gmail.com)
/home/wuxuejun0820/youtubeDB/logs/instance-1.youtube.2019-10-30.16_20_02.to_send.tbz

Press Enter to exit

2019-10-30 17:20:02.343619
Configuring log file
Logs are there: /home/wuxuejun0820/youtubeDB/logs/instance-1.youtube.2019-10-30.17_20_02.pytomo.log
Database results are there: /home/wuxuejun0820/youtubeDB/databases/instance-1.youtube.2019-10-30.17_20_02.pytomo_database.db
Are you ok to start crawling? (Y/N)
Y
Y
Please indicate your provider/ISP (leave blank for skipping).
Crawl will START when you PRESS ENTER (or after 10 seconds).
Please enter the proxies you use to connect to the internet, in the format:
http://proxy:8080/
(press Enter for default: None): 
(or wait 20 seconds)
Please enter the max. number of videos (press Enter for default 10000): 
(or wait 10 seconds)

Logging the local public IP address.

Type Ctrl-C to interrupt crawl
Compressing the files: wait a bit

Crawl finished.
################################################################################

PLEASE SEND THIS FILE BY EMAIL: (to pytomo@gmail.com)
/home/wuxuejun0820/youtubeDB/logs/instance-1.youtube.2019-10-30.17_20_02.to_send.tbz

Press Enter to exit

